<?xml version="1.0" encoding="UTF-8"?>
<!-- Generated by org.testng.reporters.JUnitXMLReporter -->
<testsuite hostname="DESKTOP-VQCK5T1" ignored="0" name="Default test" tests="3" failures="0" timestamp="04 Sep 2019 22:19:44 GMT" time="108.166" errors="0">
  <testcase name="StartChromeBrowser" time="0.847" classname="com.jquery.ui.JqueryUITest"/>
  <testcase name="interactions" time="27.467" classname="com.jquery.ui.JqueryUITest"/>
  <testcase name="widgets" time="55.544" classname="com.jquery.ui.JqueryUITest"/>
</testsuite> <!-- Default test -->
